<?xml version="1.0" encoding="UTF-8"?>
<testsuite name="pruebaTest.Test1" tests="2" skipped="0" failures="0" errors="0" timestamp="2022-02-21T05:36:09" hostname="DESKTOP-6I00CUD" time="0.03">
  <properties/>
  <testcase name="verifyWrong()" classname="pruebaTest.Test1" time="0.019"/>
  <testcase name="verify()" classname="pruebaTest.Test1" time="0.01"/>
  <system-out><![CDATA[]]></system-out>
  <system-err><![CDATA[]]></system-err>
</testsuite>
